0 info it worked if it ends with ok
1 verbose cli [ 'node',
1 verbose cli   '/usr/local/bin/npm',
1 verbose cli   'install',
1 verbose cli   '-g',
1 verbose cli   'generator-angular',
1 verbose cli   'generator-karma' ]
2 info using npm@2.12.1
3 info using node@v0.12.7
4 verbose install initial load of /usr/local/lib/package.json
5 verbose readDependencies loading dependencies from /usr/local/lib/package.json
6 silly cache add args [ 'generator-angular', null ]
7 verbose cache add spec generator-angular
8 silly cache add args [ 'generator-karma', null ]
9 verbose cache add spec generator-karma
10 silly cache add parsed spec { raw: 'generator-angular',
10 silly cache add   scope: null,
10 silly cache add   name: 'generator-angular',
10 silly cache add   rawSpec: '',
10 silly cache add   spec: '*',
10 silly cache add   type: 'range' }
11 silly addNamed generator-angular@*
12 verbose addNamed "*" is a valid semver range for generator-angular
13 silly addNameRange { name: 'generator-angular', range: '*', hasData: false }
14 silly mapToRegistry name generator-angular
15 silly mapToRegistry using default registry
16 silly mapToRegistry registry https://registry.npmjs.org/
17 silly mapToRegistry uri https://registry.npmjs.org/generator-angular
18 verbose addNameRange registry:https://registry.npmjs.org/generator-angular not in flight; fetching
19 silly cache add parsed spec { raw: 'generator-karma',
19 silly cache add   scope: null,
19 silly cache add   name: 'generator-karma',
19 silly cache add   rawSpec: '',
19 silly cache add   spec: '*',
19 silly cache add   type: 'range' }
20 silly addNamed generator-karma@*
21 verbose addNamed "*" is a valid semver range for generator-karma
22 silly addNameRange { name: 'generator-karma', range: '*', hasData: false }
23 silly mapToRegistry name generator-karma
24 silly mapToRegistry using default registry
25 silly mapToRegistry registry https://registry.npmjs.org/
26 silly mapToRegistry uri https://registry.npmjs.org/generator-karma
27 verbose addNameRange registry:https://registry.npmjs.org/generator-karma not in flight; fetching
28 verbose request uri https://registry.npmjs.org/generator-karma
29 verbose request no auth needed
30 info attempt registry request try #1 at 20:02:15
31 verbose request id ce1e2fea88e159e4
32 verbose etag "5T2LJZOIN088ZVB6DZUQKZ23I"
33 http request GET https://registry.npmjs.org/generator-karma
34 verbose request uri https://registry.npmjs.org/generator-angular
35 verbose request no auth needed
36 info attempt registry request try #1 at 20:02:15
37 verbose etag "CE0J078OS5AUB6TWVUKZDKM4R"
38 http request GET https://registry.npmjs.org/generator-angular
39 http 304 https://registry.npmjs.org/generator-karma
40 silly get cb [ 304,
40 silly get   { date: 'Wed, 22 Jul 2015 18:02:16 GMT',
40 silly get     via: '1.1 varnish',
40 silly get     'cache-control': 'max-age=60',
40 silly get     etag: '"5T2LJZOIN088ZVB6DZUQKZ23I"',
40 silly get     age: '0',
40 silly get     connection: 'keep-alive',
40 silly get     'x-served-by': 'cache-lcy1129-LCY',
40 silly get     'x-cache': 'MISS',
40 silly get     'x-cache-hits': '0',
40 silly get     'x-timer': 'S1437588136.138319,VS0,VE348',
40 silly get     vary: 'Accept' } ]
41 verbose etag https://registry.npmjs.org/generator-karma from cache
42 verbose get saving generator-karma to /Users/Manu/.npm/registry.npmjs.org/generator-karma/.cache.json
43 silly addNameRange number 2 { name: 'generator-karma', range: '*', hasData: true }
44 silly addNameRange versions [ 'generator-karma',
44 silly addNameRange   [ '0.1.1',
44 silly addNameRange     '0.2.0',
44 silly addNameRange     '0.3.0',
44 silly addNameRange     '0.3.1',
44 silly addNameRange     '0.4.1',
44 silly addNameRange     '0.5.0',
44 silly addNameRange     '0.6.0',
44 silly addNameRange     '0.7.0',
44 silly addNameRange     '0.8.0',
44 silly addNameRange     '0.8.1',
44 silly addNameRange     '0.8.2',
44 silly addNameRange     '0.8.3',
44 silly addNameRange     '0.9.0',
44 silly addNameRange     '1.0.0' ] ]
45 silly addNamed generator-karma@1.0.0
46 verbose addNamed "1.0.0" is a plain semver version for generator-karma
47 silly cache afterAdd generator-karma@1.0.0
48 verbose afterAdd /Users/Manu/.npm/generator-karma/1.0.0/package/package.json not in flight; writing
49 verbose afterAdd /Users/Manu/.npm/generator-karma/1.0.0/package/package.json written
50 http 304 https://registry.npmjs.org/generator-angular
51 silly get cb [ 304,
51 silly get   { date: 'Wed, 22 Jul 2015 18:02:16 GMT',
51 silly get     via: '1.1 varnish',
51 silly get     'cache-control': 'max-age=60',
51 silly get     etag: '"CE0J078OS5AUB6TWVUKZDKM4R"',
51 silly get     age: '0',
51 silly get     connection: 'keep-alive',
51 silly get     'x-served-by': 'cache-lcy1122-LCY',
51 silly get     'x-cache': 'MISS',
51 silly get     'x-cache-hits': '0',
51 silly get     'x-timer': 'S1437588136.136234,VS0,VE498',
51 silly get     vary: 'Accept' } ]
52 verbose etag https://registry.npmjs.org/generator-angular from cache
53 verbose get saving generator-angular to /Users/Manu/.npm/registry.npmjs.org/generator-angular/.cache.json
54 silly addNameRange number 2 { name: 'generator-angular', range: '*', hasData: true }
55 silly addNameRange versions [ 'generator-angular',
55 silly addNameRange   [ '0.1.0',
55 silly addNameRange     '0.1.1',
55 silly addNameRange     '0.1.2',
55 silly addNameRange     '0.1.3',
55 silly addNameRange     '0.1.4',
55 silly addNameRange     '0.1.5',
55 silly addNameRange     '0.2.0',
55 silly addNameRange     '0.2.1',
55 silly addNameRange     '0.2.2',
55 silly addNameRange     '0.3.0',
55 silly addNameRange     '0.3.1',
55 silly addNameRange     '0.4.0',
55 silly addNameRange     '0.5.0',
55 silly addNameRange     '0.5.1',
55 silly addNameRange     '0.6.0-rc.1',
55 silly addNameRange     '0.6.0-rc.2',
55 silly addNameRange     '0.6.0',
55 silly addNameRange     '0.7.0',
55 silly addNameRange     '0.7.1',
55 silly addNameRange     '0.8.0',
55 silly addNameRange     '0.9.0-0',
55 silly addNameRange     '0.9.0-1',
55 silly addNameRange     '0.9.0',
55 silly addNameRange     '0.9.1',
55 silly addNameRange     '0.9.2',
55 silly addNameRange     '0.9.3',
55 silly addNameRange     '0.9.5',
55 silly addNameRange     '0.9.6',
55 silly addNameRange     '0.9.7',
55 silly addNameRange     '0.9.8',
55 silly addNameRange     '0.10.0',
55 silly addNameRange     '0.11.0',
55 silly addNameRange     '0.11.1',
55 silly addNameRange     '0.12.0',
55 silly addNameRange     '0.11.2',
55 silly addNameRange     '0.12.1' ] ]
56 silly addNamed generator-angular@0.12.1
57 verbose addNamed "0.12.1" is a plain semver version for generator-angular
58 silly cache afterAdd generator-angular@0.12.1
59 verbose afterAdd /Users/Manu/.npm/generator-angular/0.12.1/package/package.json not in flight; writing
60 verbose afterAdd /Users/Manu/.npm/generator-angular/0.12.1/package/package.json written
61 silly install resolved [ { name: 'generator-karma',
61 silly install resolved     version: '1.0.0',
61 silly install resolved     description: 'Yeoman generator for Karma',
61 silly install resolved     license: 'BSD',
61 silly install resolved     main: 'app/index.js',
61 silly install resolved     repository:
61 silly install resolved      { type: 'git',
61 silly install resolved        url: 'git+https://github.com/yeoman/generator-karma.git' },
61 silly install resolved     author: { name: 'The Yeoman Team' },
61 silly install resolved     engines: { node: '>=0.10.0', npm: '>=1.2.10' },
61 silly install resolved     scripts: { test: 'mocha --reporter spec' },
61 silly install resolved     files: [ 'app', 'templates' ],
61 silly install resolved     keywords: [ 'yeoman-generator', 'scaffold', 'test', 'runner', 'karma' ],
61 silly install resolved     dependencies:
61 silly install resolved      { underscore: '^1.6.0',
61 silly install resolved        'yeoman-generator': '^0.19.1',
61 silly install resolved        'sorted-object': '~1.0.0' },
61 silly install resolved     devDependencies: { mocha: '*' },
61 silly install resolved     peerDependencies: { yo: '>=1.0.0' },
61 silly install resolved     gitHead: 'cdc0a4a7c0ee3128e0ae5482faabf7cf2c22e4f0',
61 silly install resolved     bugs: { url: 'https://github.com/yeoman/generator-karma/issues' },
61 silly install resolved     homepage: 'https://github.com/yeoman/generator-karma',
61 silly install resolved     _id: 'generator-karma@1.0.0',
61 silly install resolved     _shasum: '43f909c1677c66598d0acb126694a12d3175f8ad',
61 silly install resolved     _from: 'generator-karma@*',
61 silly install resolved     _npmVersion: '2.5.1',
61 silly install resolved     _nodeVersion: '0.10.32',
61 silly install resolved     _npmUser: { name: 'sboudrias', email: 'admin@simonboudrias.com' },
61 silly install resolved     maintainers:
61 silly install resolved      [ [Object],
61 silly install resolved        [Object],
61 silly install resolved        [Object],
61 silly install resolved        [Object],
61 silly install resolved        [Object],
61 silly install resolved        [Object],
61 silly install resolved        [Object] ],
61 silly install resolved     dist:
61 silly install resolved      { shasum: '43f909c1677c66598d0acb126694a12d3175f8ad',
61 silly install resolved        tarball: 'http://registry.npmjs.org/generator-karma/-/generator-karma-1.0.0.tgz' },
61 silly install resolved     directories: {},
61 silly install resolved     _resolved: 'https://registry.npmjs.org/generator-karma/-/generator-karma-1.0.0.tgz',
61 silly install resolved     readme: 'ERROR: No README data found!' },
61 silly install resolved   { name: 'generator-angular',
61 silly install resolved     version: '0.12.1',
61 silly install resolved     description: 'Yeoman generator for AngularJS',
61 silly install resolved     keywords:
61 silly install resolved      [ 'yeoman-generator',
61 silly install resolved        'scaffold',
61 silly install resolved        'framework',
61 silly install resolved        'component',
61 silly install resolved        'front-end',
61 silly install resolved        'app',
61 silly install resolved        'angular' ],
61 silly install resolved     author: { name: 'The Yeoman Team' },
61 silly install resolved     main: 'app/index.js',
61 silly install resolved     files:
61 silly install resolved      [ 'app',
61 silly install resolved        'common',
61 silly install resolved        'constant',
61 silly install resolved        'controller',
61 silly install resolved        'decorator',
61 silly install resolved        'directive',
61 silly install resolved        'factory',
61 silly install resolved        'filter',
61 silly install resolved        'main',
61 silly install resolved        'provider',
61 silly install resolved        'route',
61 silly install resolved        'service',
61 silly install resolved        'templates',
61 silly install resolved        'value',
61 silly install resolved        'view',
61 silly install resolved        'script-base.js',
61 silly install resolved        'util.js' ],
61 silly install resolved     repository:
61 silly install resolved      { type: 'git',
61 silly install resolved        url: 'git+https://github.com/yeoman/generator-angular.git' },
61 silly install resolved     scripts: { test: 'mocha' },
61 silly install resolved     dependencies:
61 silly install resolved      { chalk: '^1.0.0',
61 silly install resolved        wiredep: '^2.2.0',
61 silly install resolved        'yeoman-generator': '^0.16.0',
61 silly install resolved        yosay: '^1.0.2' },
61 silly install resolved     peerDependencies: { 'generator-karma': '>=0.9.0' },
61 silly install resolved     devDependencies:
61 silly install resolved      { grunt: '^0.4.5',
61 silly install resolved        'grunt-contrib-jshint': '^0.11.0',
61 silly install resolved        'grunt-conventional-changelog': '^1.1.0',
61 silly install resolved        'grunt-release': '^0.11.0',
61 silly install resolved        'load-grunt-tasks': '^3.1.0',
61 silly install resolved        mocha: '*',
61 silly install resolved        semver: '^4.3.0',
61 silly install resolved        'underscore.string': '^3.0.3' },
61 silly install resolved     engines: { node: '>=0.10.0' },
61 silly install resolved     licenses: [ [Object] ],
61 silly install resolved     gitHead: 'd1ffc21e8bd2978a8a198205293b97e4a1faec25',
61 silly install resolved     bugs: { url: 'https://github.com/yeoman/generator-angular/issues' },
61 silly install resolved     homepage: 'https://github.com/yeoman/generator-angular#readme',
61 silly install resolved     _id: 'generator-angular@0.12.1',
61 silly install resolved     _shasum: '3a8775464cfbac132c563b5229306dfbb7b777aa',
61 silly install resolved     _from: 'generator-angular@*',
61 silly install resolved     _npmVersion: '2.11.2',
61 silly install resolved     _nodeVersion: '0.12.5',
61 silly install resolved     _npmUser: { name: 'eddiemonge', email: 'eddie+npm@eddiemonge.com' },
61 silly install resolved     maintainers:
61 silly install resolved      [ [Object],
61 silly install resolved        [Object],
61 silly install resolved        [Object],
61 silly install resolved        [Object],
61 silly install resolved        [Object],
61 silly install resolved        [Object],
61 silly install resolved        [Object] ],
61 silly install resolved     dist:
61 silly install resolved      { shasum: '3a8775464cfbac132c563b5229306dfbb7b777aa',
61 silly install resolved        tarball: 'http://registry.npmjs.org/generator-angular/-/generator-angular-0.12.1.tgz' },
61 silly install resolved     directories: {},
61 silly install resolved     _resolved: 'https://registry.npmjs.org/generator-angular/-/generator-angular-0.12.1.tgz',
61 silly install resolved     readme: 'ERROR: No README data found!' } ]
62 info install generator-karma@1.0.0 into /usr/local/lib
63 info install generator-angular@0.12.1 into /usr/local/lib
64 info installOne generator-karma@1.0.0
65 verbose installOne of generator-karma to /usr/local/lib not in flight; installing
66 info installOne generator-angular@0.12.1
67 verbose installOne of generator-angular to /usr/local/lib not in flight; installing
68 verbose lock using /Users/Manu/.npm/_locks/generator-karma-86430db65453f6e8.lock for /usr/local/lib/node_modules/generator-karma
69 verbose lock using /Users/Manu/.npm/_locks/generator-angular-8c05db5f74b13054.lock for /usr/local/lib/node_modules/generator-angular
70 silly install write writing generator-karma 1.0.0 to /usr/local/lib/node_modules/generator-karma
71 silly install write writing generator-angular 0.12.1 to /usr/local/lib/node_modules/generator-angular
72 verbose unbuild lib/node_modules/generator-karma
73 verbose unbuild lib/node_modules/generator-angular
74 info preuninstall generator-karma@1.0.0
75 info uninstall generator-karma@1.0.0
76 info preuninstall generator-angular@0.12.1
77 verbose unbuild rmStuff generator-karma@1.0.0 from /usr/local/lib/node_modules
78 info postuninstall generator-karma@1.0.0
79 info uninstall generator-angular@0.12.1
80 silly gentlyRm /usr/local/lib/node_modules/generator-karma is being purged from base /usr/local
81 verbose gentlyRm don't care about contents; nuking /usr/local/lib/node_modules/generator-karma
82 verbose unbuild rmStuff generator-angular@0.12.1 from /usr/local/lib/node_modules
83 info postuninstall generator-angular@0.12.1
84 silly vacuum-fs purging /usr/local/lib/node_modules/generator-karma
85 silly gentlyRm /usr/local/lib/node_modules/generator-angular is being purged from base /usr/local
86 verbose gentlyRm don't care about contents; nuking /usr/local/lib/node_modules/generator-angular
87 silly vacuum-fs purging /usr/local/lib/node_modules/generator-angular
88 verbose unlock done using /Users/Manu/.npm/_locks/generator-karma-86430db65453f6e8.lock for /usr/local/lib/node_modules/generator-karma
89 verbose unlock done using /Users/Manu/.npm/_locks/generator-angular-8c05db5f74b13054.lock for /usr/local/lib/node_modules/generator-angular
90 verbose stack Error: EACCES, rmdir '/usr/local/lib/node_modules/generator-karma'
90 verbose stack     at Error (native)
91 verbose cwd /Users/Manu/Programacion/AngularJS/Aprendiendo AngularJS/19.- Curso de AngularJS. Hacer pruebas unitarias con Karma y Jasmine.
92 error Darwin 14.3.0
93 error argv "node" "/usr/local/bin/npm" "install" "-g" "generator-angular" "generator-karma"
94 error node v0.12.7
95 error npm  v2.12.1
96 error path /usr/local/lib/node_modules/generator-karma
97 error code EACCES
98 error errno -13
99 error Error: EACCES, rmdir '/usr/local/lib/node_modules/generator-karma'
99 error     at Error (native)
99 error  { [Error: EACCES, rmdir '/usr/local/lib/node_modules/generator-karma']
99 error   errno: -13,
99 error   code: 'EACCES',
99 error   path: '/usr/local/lib/node_modules/generator-karma' }
100 error Please try running this command again as root/Administrator.
101 verbose exit [ -13, true ]
102 verbose unbuild lib/node_modules/generator-karma
103 info preuninstall generator-karma@1.0.0
104 info uninstall generator-karma@1.0.0
105 verbose unbuild rmStuff generator-karma@1.0.0 from /usr/local/lib/node_modules
106 info postuninstall generator-karma@1.0.0
107 silly gentlyRm /usr/local/lib/node_modules/generator-karma is being purged from base /usr/local
108 verbose gentlyRm don't care about contents; nuking /usr/local/lib/node_modules/generator-karma
109 silly vacuum-fs purging /usr/local/lib/node_modules/generator-karma
110 error error rolling back Error: EACCES, rmdir '/usr/local/lib/node_modules/generator-karma'
110 error error rolling back     at Error (native)
110 error error rolling back  { [Error: EACCES, rmdir '/usr/local/lib/node_modules/generator-karma']
110 error error rolling back   errno: -13,
110 error error rolling back   code: 'EACCES',
110 error error rolling back   path: '/usr/local/lib/node_modules/generator-karma' }
